<?xml version="1.0" encoding="UTF-8"?>
<testsuite name="com.registration.user.ValidEmailTest" tests="11" skipped="0" failures="0" errors="0" timestamp="2020-12-24T16:12:44" hostname="MSI" time="0.006">
  <properties/>
  <testcase name="shouldValidateAllTheEmailSamples[0]" classname="com.registration.user.ValidEmailTest" time="0.002"/>
  <testcase name="shouldValidateAllTheEmailSamples[1]" classname="com.registration.user.ValidEmailTest" time="0.0"/>
  <testcase name="shouldValidateAllTheEmailSamples[2]" classname="com.registration.user.ValidEmailTest" time="0.001"/>
  <testcase name="shouldValidateAllTheEmailSamples[3]" classname="com.registration.user.ValidEmailTest" time="0.0"/>
  <testcase name="shouldValidateAllTheEmailSamples[4]" classname="com.registration.user.ValidEmailTest" time="0.001"/>
  <testcase name="shouldValidateAllTheEmailSamples[5]" classname="com.registration.user.ValidEmailTest" time="0.0"/>
  <testcase name="shouldValidateAllTheEmailSamples[6]" classname="com.registration.user.ValidEmailTest" time="0.0"/>
  <testcase name="shouldValidateAllTheEmailSamples[7]" classname="com.registration.user.ValidEmailTest" time="0.001"/>
  <testcase name="shouldValidateAllTheEmailSamples[8]" classname="com.registration.user.ValidEmailTest" time="0.0"/>
  <testcase name="shouldValidateAllTheEmailSamples[9]" classname="com.registration.user.ValidEmailTest" time="0.0"/>
  <testcase name="shouldValidateAllTheEmailSamples[10]" classname="com.registration.user.ValidEmailTest" time="0.0"/>
  <system-out><![CDATA[]]></system-out>
  <system-err><![CDATA[]]></system-err>
</testsuite>
