<?xml version="1.0" encoding="UTF-8"?>
<testsuite name="com.registration.user.UserRegistrationTest" tests="1" skipped="0" failures="0" errors="0" timestamp="2020-12-23T03:27:58" hostname="MSI" time="0.001">
  <properties/>
  <testcase name="passwordTest" classname="com.registration.user.UserRegistrationTest" time="0.001"/>
  <system-out><![CDATA[]]></system-out>
  <system-err><![CDATA[]]></system-err>
</testsuite>
