<?xml version="1.0" encoding="UTF-8"?>
<testsuite name="com.registration.user.UserRegistrationTest" tests="5" skipped="0" failures="0" errors="0" timestamp="2020-12-23T04:01:55" hostname="MSI" time="0.002">
  <properties/>
  <testcase name="phoneTest" classname="com.registration.user.UserRegistrationTest" time="0.001"/>
  <testcase name="firstNameTest" classname="com.registration.user.UserRegistrationTest" time="0.0"/>
  <testcase name="lastNameTest" classname="com.registration.user.UserRegistrationTest" time="0.0"/>
  <testcase name="passwordTest" classname="com.registration.user.UserRegistrationTest" time="0.0"/>
  <testcase name="emailTest" classname="com.registration.user.UserRegistrationTest" time="0.0"/>
  <system-out><![CDATA[]]></system-out>
  <system-err><![CDATA[]]></system-err>
</testsuite>
